make all --print-data-base --no-builtin-variables --no-builtin-rules --question
# GNU Make 4.2.1
# Built for x86_64-pc-linux-gnu
# Copyright (C) 1988-2016 Free Software Foundation, Inc.
# License GPLv3+: GNU GPL version 3 or later <http://gnu.org/licenses/gpl.html>
# This is free software: you are free to change and redistribute it.
# There is NO WARRANTY, to the extent permitted by law.

# Make data base, printed on Sun Jul  3 15:02:34 2022

# Variables

# 'override' directive
GNUMAKEFLAGS := 
# automatic
<D = $(patsubst %/,%,$(dir $<))
# automatic
?F = $(notdir $?)
# environment
PAPERSIZE = letter
# environment
DESKTOP_SESSION = ubuntu
# default
.SHELLFLAGS := -c
# environment
XDG_SESSION_CLASS = user
# environment
XDG_SESSION_TYPE = x11
# environment
VSCODE_LOG_NATIVE = false
# automatic
?D = $(patsubst %/,%,$(dir $?))
# environment
IM_CONFIG_PHASE = 1
# automatic
@D = $(patsubst %/,%,$(dir $@))
# environment
XAUTHORITY = /run/user/1000/gdm/Xauthority
# environment
GDMSESSION = ubuntu
# environment
XMODIFIERS = @im=ibus
# makefile
CURDIR := /home/mohamed/Downloads/upwork/DevOps/word-cloud-generator
# makefile
SHELL = /bin/sh
# environment
VSCODE_NLS_CONFIG = {"locale":"en-us","availableLanguages":{},"_languagePackSupport":true}
# environment
_ = /usr/share/code/code
# environment
JOURNAL_STREAM = 8:47288
# environment
XDG_CONFIG_DIRS = /etc/xdg/xdg-ubuntu:/etc/xdg
# makefile (from 'Makefile', line 1)
MAKEFILE_LIST :=  Makefile
# environment
JAVA_HOME = /opt/java/current
# automatic
@F = $(notdir $@)
# environment
GIO_LAUNCHED_DESKTOP_FILE = /usr/share/applications/code.desktop
# environment
USERNAME = mohamed
# environment
MAKELEVEL := 0
# environment
XDG_DATA_DIRS = /usr/share/ubuntu:/usr/local/share/:/usr/share/:/var/lib/snapd/desktop
# environment
DBUS_SESSION_BUS_ADDRESS = unix:path=/run/user/1000/bus
# environment
VSCODE_VERBOSE_LOGGING = true
# environment
MANAGERPID = 1960
# environment
LESSOPEN = | /usr/bin/lesspipe %s
# environment
LC_NAME = en_US.UTF-8
# environment
VSCODE_CWD = /home/mohamed
# default
MAKE_HOST := x86_64-pc-linux-gnu
# environment
PATH = /home/mohamed/.local/bin:/usr/local/spark/bin:/home/mohamed/anaconda3/bin:/home/mohamed/anaconda3/condabin:/home/mohamed/.local/bin:/usr/local/sbin:/usr/local/bin:/usr/sbin:/usr/bin:/sbin:/bin:/usr/games:/usr/local/games:/snap/bin:/opt/java/current/bin:/opt/java/current/bin
# environment
GPG_AGENT_INFO = /run/user/1000/gnupg/S.gpg-agent:0:1
# environment
GJS_DEBUG_OUTPUT = stderr
# environment
SESSION_MANAGER = local/mohamed-Inspiron-3542:@/tmp/.ICE-unix/2211,unix/mohamed-Inspiron-3542:/tmp/.ICE-unix/2211
# environment
XDG_RUNTIME_DIR = /run/user/1000
# environment
CONDA_PREFIX = /home/mohamed/anaconda3
# environment
XDG_MENU_PREFIX = gnome-
# environment
VSCODE_LOG_STACK = false
# environment
ELECTRON_RUN_AS_NODE = 1
# environment
INVOCATION_ID = 352beb6c59b7469bbcab5703fa48d1f7
# default
.FEATURES := target-specific order-only second-expansion else-if shortest-stem undefine oneshell archives jobserver output-sync check-symlink load
# environment
LS_COLORS = 
# environment
XDG_SESSION_DESKTOP = ubuntu
# environment
SSH_AUTH_SOCK = /run/user/1000/keyring/ssh
# environment
GIO_LAUNCHED_DESKTOP_FILE_PID = 38152
# automatic
%F = $(notdir $%)
# environment
DISPLAY = :1
# environment
CONDA_EXE = /home/mohamed/anaconda3/bin/conda
# environment
VSCODE_PIPE_LOGGING = true
# environment
PWD = /home/mohamed/Downloads/upwork/DevOps/word-cloud-generator
# default
.LOADED := 
# environment
SSH_AGENT_PID = 2174
# environment
ORIGINAL_XDG_CURRENT_DESKTOP = ubuntu:GNOME
# environment
GTK_MODULES = gail:atk-bridge
# environment
VSCODE_AMD_ENTRYPOINT = vs/workbench/api/node/extensionHostProcess
# environment
HOME = /home/mohamed
# environment
LESSCLOSE = /usr/bin/lesspipe %s %s
# makefile (from 'Makefile', line 1)
BINARY = word-cloud-generator
# environment
VSCODE_CODE_CACHE_PATH = /home/mohamed/.config/Code/CachedData/30d9c6cd9483b2cc586687151bcbcd635f373630
# environment
LOGNAME = mohamed
# environment
APPLICATION_INSIGHTS_NO_DIAGNOSTIC_CHANNEL = 1
# environment
CONDA_PROMPT_MODIFIER = (base) 
# automatic
+F = $(notdir $+)
# environment
VSCODE_HANDLES_UNCAUGHT_ERRORS = true
# environment
GNOME_DESKTOP_SESSION_ID = this-is-deprecated
# automatic
^D = $(patsubst %/,%,$(dir $^))
# environment
LC_TIME = en_US.UTF-8
# environment
CONDA_DEFAULT_ENV = base
# default
MAKE = $(MAKE_COMMAND)
# default
MAKECMDGOALS := all
# environment
QT_IM_MODULE = ibus
# environment
SHLVL = 0
# environment
GNOME_SHELL_SESSION_MODE = ubuntu
# environment
VSCODE_IPC_HOOK_EXTHOST = /run/user/1000/vscode-ipc-55140f49-b7b9-4424-869e-ee68519a63eb.sock
# default
MAKE_VERSION := 4.2.1
# environment
USER = mohamed
# environment
LC_MONETARY = en_US.UTF-8
# makefile (from 'Makefile', line 59)
.DEFAULT_GOAL := all
# environment
XDG_CURRENT_DESKTOP = Unity
# automatic
%D = $(patsubst %/,%,$(dir $%))
# environment
LC_TELEPHONE = en_US.UTF-8
# environment
CONDA_SHLVL = 1
# default
MAKE_COMMAND := make
# default
.VARIABLES := 
# automatic
*F = $(notdir $*)
# environment
VSCODE_IPC_HOOK = /run/user/1000/vscode-c7200296-1.68.1-main.sock
# makefile
MAKEFLAGS = pqrR
# environment
MFLAGS = -pqrR
# automatic
*D = $(patsubst %/,%,$(dir $*))
# automatic
+D = $(patsubst %/,%,$(dir $+))
# environment
GDK_BACKEND = x11
# environment
LC_PAPER = en_US.UTF-8
# environment
QT_ACCESSIBILITY = 1
# default
MAKEFILES := 
# environment
LC_NUMERIC = en_US.UTF-8
# automatic
<F = $(notdir $<)
# environment
LC_MEASUREMENT = en_US.UTF-8
# environment
LC_ALL = C
# environment
CONDA_PYTHON_EXE = /home/mohamed/anaconda3/bin/python
# environment
GJS_DEBUG_TOPICS = JS ERROR;JS LOG
# automatic
^F = $(notdir $^)
# default
SUFFIXES := 
# environment
_CE_M = 
# environment
CHROME_DESKTOP = code-url-handler.desktop
# environment
WINDOWPATH = 2
# default
.INCLUDE_DIRS = /usr/include /usr/local/include /usr/include
# environment
LC_IDENTIFICATION = en_US.UTF-8
# default
.RECIPEPREFIX := 
# environment
LC_ADDRESS = en_US.UTF-8
# environment
LANG = C
# environment
VSCODE_PID = 38152
# environment
_CE_CONDA = 
# variable set hash-table stats:
# Load=117/1024=11%, Rehash=0, Collisions=20/146=14%

# Pattern-specific Variable Values

# No pattern-specific variable values.

# Directories

# . (device 2069, inode 45489076): 18 files, no impossibilities.

# 18 files, no impossibilities in 1 directories.

# Implicit Rules

# No implicit rules.

# Files

goconvey:
#  Implicit rule search has not been done.
#  Modification time never checked.
#  File has not been updated.
#  recipe to execute (from 'Makefile', line 30):
	@goconvey -port=9999

all: clean test build
#  Phony target (prerequisite of .PHONY).
#  Command line target.
#  Implicit rule search has not been done.
#  File does not exist.
#  File has been updated.
#  Needs to be updated (-q is set).
# variable set hash-table stats:
# Load=0/32=0%, Rehash=0, Collisions=0/3=0%

.PHONY: all install uninstall clean
#  Implicit rule search has not been done.
#  Modification time never checked.
#  File has not been updated.

integration:
#  Implicit rule search has not been done.
#  Modification time never checked.
#  File has not been updated.
#  recipe to execute (from 'Makefile', line 18):
	@curl -H "Content-Type: application/json" -d '{"text":"stars stars stars"}' http://localhost:8888/api | grep 3

start-mac: build
#  Implicit rule search has not been done.
#  Modification time never checked.
 
#  File has not been updated.
#  recipe to execute (from 'Makefile', line 24):
	./artifacts/osx/word-cloud-generator

# Not a target:
.SUFFIXES:
#  Implicit rule search has not been done.
#  Modification time never checked.
#  File has not been updated.

uninstall:
#  Phony target (prerequisite of .PHONY).
#  Implicit rule search has not been done.
#  File does not exist.
#  File has not been updated.
#  recipe to execute (from 'Makefile', line 50):
	@echo "Removing from $$GOPATH/bin"
	@go clean -i

# Not a target:
Makefile:
#  Implicit rule search has been done.
#  Last modified 2022-07-03 15:00:31.590800111
#  File has been updated.
#  Successfully updated.

test:
#  Implicit rule search has not been done.
#  Modification time never checked.
#  File has not been updated.
#  recipe to execute (from 'Makefile', line 15):
	@go test $$(go list ./...|grep -v vendor) -v

git-hooks:
#  Implicit rule search has not been done.
#  Modification time never checked.
#  File has not been updated.
#  recipe to execute (from 'Makefile', line 54):
	test -d .git/hooks || mkdir -p .git/hooks
	cp -f hooks/git-pre-commit.hook .git/hooks/pre-commit
	chmod a+x .git/hooks/pre-commit

build:
#  Implicit rule search has not been done.
#  Modification time never checked.
#  File has not been updated.
#  recipe to execute (from 'Makefile', line 33):
	@echo "Creating compiled builds in ./artifacts"
	@env GOOS=darwin GOARCH=amd64 go build -o ./artifacts/osx/${BINARY} -v .
	@env GOOS=linux GOARCH=amd64 go build -o ./artifacts/linux/${BINARY} -v .
	@env GOOS=windows GOARCH=amd64 go build -o ./artifacts/windows/${BINARY} -v .
	@ls -lR ./artifacts

vet:
#  Implicit rule search has not been done.
#  Modification time never checked.
#  File has not been updated.
#  recipe to execute (from 'Makefile', line 9):
	go vet $$(go list ./...|grep -v vendor)

goconvey-install:
#  Implicit rule search has not been done.
#  Modification time never checked.
#  File has not been updated.
#  recipe to execute (from 'Makefile', line 27):
	@go install github.com/smartystreets/goconvey

# Not a target:
.DEFAULT:
#  Implicit rule search has not been done.
#  Modification time never checked.
#  File has not been updated.

run:
#  Implicit rule search has not been done.
#  Modification time never checked.
#  File has not been updated.
#  recipe to execute (from 'Makefile', line 21):
	@go run main.go

clean:
#  Phony target (prerequisite of .PHONY).
#  Implicit rule search has not been done.
#  Implicit/static pattern stem: ''
#  File does not exist.
#  File has been updated.
#  Needs to be updated (-q is set).
# automatic
# @ := clean
# automatic
# % := 
# automatic
# * := 
# automatic
# + := 
# automatic
# | := 
# automatic
# < := 
# automatic
# ^ := 
# automatic
# ? := 
# variable set hash-table stats:
# Load=8/32=25%, Rehash=0, Collisions=1/11=9%
#  recipe to execute (from 'Makefile', line 40):
	@echo "Cleaning up previous builds"
	@go clean
	@rm -rf ./artifacts/*

fmt:
#  Implicit rule search has not been done.
#  Modification time never checked.
#  File has not been updated.
#  recipe to execute (from 'Makefile', line 12):
	go fmt $$(go list ./...|grep -v vendor)

lint: vet fmt
#  Implicit rule search has not been done.
#  Modification time never checked.
#  File has not been updated.
#  recipe to execute (from 'Makefile', line 6):
	@echo "Linting finished using go vet && go fmt"

install:
#  Phony target (prerequisite of .PHONY).
#  Implicit rule search has not been done.
#  File does not exist.
#  File has not been updated.
#  recipe to execute (from 'Makefile', line 45):
	@echo "Installs to $$GOPATH/bin"
	@go build ./main.go
	@go install

# files hash-table stats:
# Load=19/1024=2%, Rehash=0, Collisions=2/46=4%
# VPATH Search Paths

# No 'vpath' search paths.

# No general ('VPATH' variable) search path.

# strcache buffers: 1 (0) / strings = 38 / storage = 313 B / avg = 8 B
# current buf: size = 8162 B / used = 313 B / count = 38 / avg = 8 B

# strcache performance: lookups = 70 / hit rate = 45%
# hash-table stats:
# Load=38/8192=0%, Rehash=0, Collisions=1/70=1%
# Finished Make data base on Sun Jul  3 15:02:34 2022

 
